0 info it worked if it ends with ok
1 verbose cli [ 'C:\\Program Files\\nodejs\\node.exe',
1 verbose cli   'C:\\Users\\felipe\\AppData\\Roaming\\npm\\node_modules\\npm\\bin\\npm-cli.js',
1 verbose cli   'install',
1 verbose cli   '-g',
1 verbose cli   'bower' ]
2 info using npm@2.9.1
3 info using node@v4.2.2
4 verbose install initial load of C:\Program Files\nodejs\package.json
5 verbose readDependencies loading dependencies from C:\Program Files\nodejs\package.json
6 silly cache add args [ 'bower', null ]
7 verbose cache add spec bower
8 silly cache add parsed spec Result {
8 silly cache add   raw: 'bower',
8 silly cache add   scope: null,
8 silly cache add   name: 'bower',
8 silly cache add   rawSpec: '',
8 silly cache add   spec: '*',
8 silly cache add   type: 'range' }
9 silly addNamed bower@*
10 verbose addNamed "*" is a valid semver range for bower
11 silly addNameRange { name: 'bower', range: '*', hasData: false }
12 silly mapToRegistry name bower
13 silly mapToRegistry using default registry
14 silly mapToRegistry registry https://registry.npmjs.org/
15 silly mapToRegistry uri https://registry.npmjs.org/bower
16 verbose addNameRange registry:https://registry.npmjs.org/bower not in flight; fetching
17 verbose request uri https://registry.npmjs.org/bower
18 verbose request no auth needed
19 info attempt registry request try #1 at 00:21:47
20 verbose request id 1763cfade75b4882
21 verbose etag "1AE25NKL6A92DE8G589L8HBU"
22 http request GET https://registry.npmjs.org/bower
23 http 200 https://registry.npmjs.org/bower
24 silly get cb [ 200,
24 silly get   { server: 'CouchDB/1.5.0 (Erlang OTP/R16B03)',
24 silly get     etag: '"9DARF75UKZ1PWEP96TVC27LRV"',
24 silly get     'content-type': 'application/json',
24 silly get     'cache-control': 'max-age=60',
24 silly get     'content-length': '151812',
24 silly get     'accept-ranges': 'bytes',
24 silly get     date: 'Fri, 04 Dec 2015 03:21:47 GMT',
24 silly get     via: '1.1 varnish',
24 silly get     age: '38',
24 silly get     connection: 'keep-alive',
24 silly get     'x-served-by': 'cache-sjc3135-SJC',
24 silly get     'x-cache': 'HIT',
24 silly get     'x-cache-hits': '2',
24 silly get     'x-timer': 'S1449199307.830053,VS0,VE0',
24 silly get     vary: 'Accept' } ]
25 verbose get saving bower to C:\Users\felipe\AppData\Roaming\npm-cache\registry.npmjs.org\bower\.cache.json
26 silly addNameRange number 2 { name: 'bower', range: '*', hasData: true }
27 silly addNameRange versions [ 'bower',
27 silly addNameRange   [ '0.1.0',
27 silly addNameRange     '0.1.2',
27 silly addNameRange     '0.1.3',
27 silly addNameRange     '0.2.0',
27 silly addNameRange     '0.3.0',
27 silly addNameRange     '0.3.1',
27 silly addNameRange     '0.3.2',
27 silly addNameRange     '0.4.0',
27 silly addNameRange     '0.5.0',
27 silly addNameRange     '0.5.1',
27 silly addNameRange     '0.6.0',
27 silly addNameRange     '0.6.1',
27 silly addNameRange     '0.6.2',
27 silly addNameRange     '0.6.3',
27 silly addNameRange     '0.6.4',
27 silly addNameRange     '0.6.5',
27 silly addNameRange     '0.6.6',
27 silly addNameRange     '0.6.7',
27 silly addNameRange     '0.6.8',
27 silly addNameRange     '0.7.0',
27 silly addNameRange     '0.7.1',
27 silly addNameRange     '0.8.0',
27 silly addNameRange     '0.8.1',
27 silly addNameRange     '0.8.2',
27 silly addNameRange     '0.8.3',
27 silly addNameRange     '0.8.4',
27 silly addNameRange     '0.8.5',
27 silly addNameRange     '0.8.6',
27 silly addNameRange     '0.9.0',
27 silly addNameRange     '0.9.1',
27 silly addNameRange     '0.9.2',
27 silly addNameRange     '0.10.0',
27 silly addNameRange     '1.0.0',
27 silly addNameRange     '1.0.1',
27 silly addNameRange     '1.0.2',
27 silly addNameRange     '1.0.3',
27 silly addNameRange     '1.1.0',
27 silly addNameRange     '1.1.1',
27 silly addNameRange     '1.1.2',
27 silly addNameRange     '1.2.0',
27 silly addNameRange     '1.2.1',
27 silly addNameRange     '1.2.2',
27 silly addNameRange     '1.2.3',
27 silly addNameRange     '1.2.4',
27 silly addNameRange     '1.2.5',
27 silly addNameRange     '1.2.6',
27 silly addNameRange     '1.2.7',
27 silly addNameRange     '1.2.8',
27 silly addNameRange     '1.3.0',
27 silly addNameRange     '1.3.1',
27 silly addNameRange     '1.3.2',
27 silly addNameRange     '1.3.3',
27 silly addNameRange     '1.3.4',
27 silly addNameRange     '1.3.5',
27 silly addNameRange     '1.3.6',
27 silly addNameRange     '1.3.7',
27 silly addNameRange     '1.3.8',
27 silly addNameRange     '1.3.9',
27 silly addNameRange     '1.3.10',
27 silly addNameRange     '1.3.11',
27 silly addNameRange     '1.3.12',
27 silly addNameRange     '1.4.0',
27 silly addNameRange     '1.4.1',
27 silly addNameRange     '1.5.0',
27 silly addNameRange     '1.5.1',
27 silly addNameRange     '1.5.2',
27 silly addNameRange     '1.5.3',
27 silly addNameRange     '1.6.2',
27 silly addNameRange     '1.6.3',
27 silly addNameRange     '1.6.4',
27 silly addNameRange     '1.6.5',
27 silly addNameRange     '1.5.4',
27 silly addNameRange     '1.4.2',
27 silly addNameRange     '1.6.6',
27 silly addNameRange     '1.6.7',
27 silly addNameRange     '1.6.8' ] ]
28 silly addNamed bower@1.6.8
29 verbose addNamed "1.6.8" is a plain semver version for bower
30 silly mapToRegistry name bower
31 silly mapToRegistry using default registry
32 silly mapToRegistry registry https://registry.npmjs.org/
33 silly mapToRegistry uri https://registry.npmjs.org/bower
34 verbose addRemoteTarball https://registry.npmjs.org/bower/-/bower-1.6.8.tgz not in flight; adding
35 verbose addRemoteTarball [ 'https://registry.npmjs.org/bower/-/bower-1.6.8.tgz',
35 verbose addRemoteTarball   '4e9400d9f06efc97aed94518f42fceee93ec2a4d' ]
36 info retry fetch attempt 1 at 00:21:48
37 info attempt registry request try #1 at 00:21:48
38 http fetch GET https://registry.npmjs.org/bower/-/bower-1.6.8.tgz
39 http fetch 200 https://registry.npmjs.org/bower/-/bower-1.6.8.tgz
40 silly fetchAndShaCheck shasum 4e9400d9f06efc97aed94518f42fceee93ec2a4d
41 verbose addTmpTarball C:\Users\felipe\AppData\Local\Temp\npm-7216-a35981db\registry.npmjs.org\bower\-\bower-1.6.8.tgz not in flight; adding
42 verbose addTmpTarball already have metadata; skipping unpack for bower@1.6.8
43 silly cache afterAdd bower@1.6.8
44 verbose afterAdd C:\Users\felipe\AppData\Roaming\npm-cache\bower\1.6.8\package\package.json not in flight; writing
45 verbose afterAdd C:\Users\felipe\AppData\Roaming\npm-cache\bower\1.6.8\package\package.json written
46 silly install resolved [ { name: 'bower',
46 silly install resolved     version: '1.6.8',
46 silly install resolved     description: 'The browser package manager',
46 silly install resolved     author: { name: 'Twitter' },
46 silly install resolved     license: 'MIT',
46 silly install resolved     repository: { type: 'git', url: 'git+https://github.com/bower/bower.git' },
46 silly install resolved     main: 'lib',
46 silly install resolved     homepage: 'http://bower.io',
46 silly install resolved     engines: { node: '>=0.10.0' },
46 silly install resolved     keywords: [ 'bower' ],
46 silly install resolved     dependencies:
46 silly install resolved      { abbrev: '^1.0.5',
46 silly install resolved        archy: '1.0.0',
46 silly install resolved        'bower-config': '^1.2.3',
46 silly install resolved        'bower-endpoint-parser': '^0.2.2',
46 silly install resolved        'bower-json': '^0.4.0',
46 silly install resolved        'bower-logger': '^0.2.2',
46 silly install resolved        'bower-registry-client': '^1.0.0',
46 silly install resolved        cardinal: '0.4.4',
46 silly install resolved        chalk: '^1.0.0',
46 silly install resolved        chmodr: '^1.0.2',
46 silly install resolved        configstore: '^0.3.2',
46 silly install resolved        'decompress-zip': '^0.1.0',
46 silly install resolved        destroy: '^1.0.3',
46 silly install resolved        'fs-write-stream-atomic': 'github:sheerun/fs-write-stream-atomic#v1.0.4-fix',
46 silly install resolved        fstream: '^1.0.3',
46 silly install resolved        'fstream-ignore': '^1.0.2',
46 silly install resolved        github: '^0.2.3',
46 silly install resolved        glob: '^4.3.2',
46 silly install resolved        'graceful-fs': '^3.0.5',
46 silly install resolved        handlebars: '^2.0.0',
46 silly install resolved        inquirer: '0.10.0',
46 silly install resolved        insight: '^0.7.0',
46 silly install resolved        'is-root': '^1.0.0',
46 silly install resolved        junk: '^1.0.0',
46 silly install resolved        lockfile: '^1.0.0',
46 silly install resolved        'lru-cache': '^2.5.0',
46 silly install resolved        'md5-hex': '^1.0.2',
46 silly install resolved        mkdirp: '0.5.0',
46 silly install resolved        mout: '^0.11.0',
46 silly install resolved        nopt: '^3.0.1',
46 silly install resolved        opn: '^1.0.1',
46 silly install resolved        'p-throttler': '0.1.1',
46 silly install resolved        promptly: '0.2.0',
46 silly install resolved        q: '^1.1.2',
46 silly install resolved        request: '2.53.0',
46 silly install resolved        'request-progress': '0.3.1',
46 silly install resolved        retry: '0.6.1',
46 silly install resolved        rimraf: '^2.2.8',
46 silly install resolved        semver: '^2.3.0',
46 silly install resolved        'shell-quote': '^1.4.2',
46 silly install resolved        'stringify-object': '^1.0.0',
46 silly install resolved        'tar-fs': '^1.4.1',
46 silly install resolved        tmp: '0.0.24',
46 silly install resolved        'update-notifier': '^0.3.0',
46 silly install resolved        'user-home': '^1.1.0',
46 silly install resolved        which: '^1.0.8' },
46 silly install resolved     devDependencies:
46 silly install resolved      { chai: '^1.10.0',
46 silly install resolved        coveralls: '^2.11.2',
46 silly install resolved        'expect.js': '^0.3.1',
46 silly install resolved        grunt: '^0.4.5',
46 silly install resolved        'grunt-cli': '^0.1.13',
46 silly install resolved        'grunt-contrib-jshint': '^0.10.0',
46 silly install resolved        'grunt-contrib-watch': '^0.6.1',
46 silly install resolved        'grunt-exec': '^0.4.6',
46 silly install resolved        'grunt-simple-mocha': '^0.4.0',
46 silly install resolved        istanbul: '^0.3.5',
46 silly install resolved        'load-grunt-tasks': '^2.0.0',
46 silly install resolved        mocha: '^2.1.0',
46 silly install resolved        multiline: '^1.0.2',
46 silly install resolved        nock: '^3.1.0',
46 silly install resolved        'node-uuid': '^1.4.2',
46 silly install resolved        proxyquire: '^1.3.0',
46 silly install resolved        'spawn-sync': '1.0.13' },
46 silly install resolved     scripts: { test: 'grunt test' },
46 silly install resolved     bin: { bower: 'bin/bower' },
46 silly install resolved     files: [ 'bin', 'lib', 'templates' ],
46 silly install resolved     gitHead: '50ed13e4eed2cbd684e534087fd5f67030ae738d',
46 silly install resolved     bugs: { url: 'https://github.com/bower/bower/issues' },
46 silly install resolved     bundleDependencies:
46 silly install resolved      [ 'abbrev',
46 silly install resolved        'archy',
46 silly install resolved        'bower-config',
46 silly install resolved        'bower-endpoint-parser',
46 silly install resolved        'bower-json',
46 silly install resolved        'bower-logger',
46 silly install resolved        'bower-registry-client',
46 silly install resolved        'cardinal',
46 silly install resolved        'chalk',
46 silly install resolved        'chmodr',
46 silly install resolved        'configstore',
46 silly install resolved        'decompress-zip',
46 silly install resolved        'destroy',
46 silly install resolved        'fs-write-stream-atomic',
46 silly install resolved        'fstream',
46 silly install resolved        'fstream-ignore',
46 silly install resolved        'github',
46 silly install resolved        'glob',
46 silly install resolved        'graceful-fs',
46 silly install resolved        'handlebars',
46 silly install resolved        'inquirer',
46 silly install resolved        'insight',
46 silly install resolved        'is-root',
46 silly install resolved        'junk',
46 silly install resolved        'lockfile',
46 silly install resolved        'lru-cache',
46 silly install resolved        'md5-hex',
46 silly install resolved        'mkdirp',
46 silly install resolved        'mout',
46 silly install resolved        'nopt',
46 silly install resolved        'opn',
46 silly install resolved        'p-throttler',
46 silly install resolved        'promptly',
46 silly install resolved        'q',
46 silly install resolved        'request',
46 silly install resolved        'request-progress',
46 silly install resolved        'retry',
46 silly install resolved        'rimraf',
46 silly install resolved        'semver',
46 silly install resolved        'shell-quote',
46 silly install resolved        'stringify-object',
46 silly install resolved        'tar-fs',
46 silly install resolved        'tmp',
46 silly install resolved        'update-notifier',
46 silly install resolved        'user-home',
46 silly install resolved        'which' ],
46 silly install resolved     _id: 'bower@1.6.8',
46 silly install resolved     _shasum: '4e9400d9f06efc97aed94518f42fceee93ec2a4d',
46 silly install resolved     _from: 'bower@*',
46 silly install resolved     _npmVersion: '2.14.10',
46 silly install resolved     _nodeVersion: '4.1.1',
46 silly install resolved     _npmUser: { name: 'sheerun', email: 'sheerun@sher.pl' },
46 silly install resolved     dist:
46 silly install resolved      { shasum: '4e9400d9f06efc97aed94518f42fceee93ec2a4d',
46 silly install resolved        tarball: 'http://registry.npmjs.org/bower/-/bower-1.6.8.tgz' },
46 silly install resolved     maintainers:
46 silly install resolved      [ [Object],
46 silly install resolved        [Object],
46 silly install resolved        [Object],
46 silly install resolved        [Object],
46 silly install resolved        [Object],
46 silly install resolved        [Object],
46 silly install resolved        [Object] ],
46 silly install resolved     directories: {},
46 silly install resolved     _resolved: 'https://registry.npmjs.org/bower/-/bower-1.6.8.tgz' } ]
47 info install bower@1.6.8 into C:\Program Files\nodejs
48 info installOne bower@1.6.8
49 verbose installOne of bower to C:\Program Files\nodejs not in flight; installing
50 verbose lock using C:\Users\felipe\AppData\Roaming\npm-cache\_locks\bower-c09afa036a5c141c.lock for C:\Program Files\nodejs\node_modules\bower
51 silly install write writing bower 1.6.8 to C:\Program Files\nodejs\node_modules\bower
52 verbose unbuild node_modules\bower
53 silly gentlyRm C:\Program Files\nodejs\node_modules\bower is being purged from base C:\Program Files\nodejs
54 verbose gentlyRm don't care about contents; nuking C:\Program Files\nodejs\node_modules\bower
55 verbose tar unpack C:\Users\felipe\AppData\Roaming\npm-cache\bower\1.6.8\package.tgz
56 verbose tar unpacking to C:\Program Files\nodejs\node_modules\bower
57 silly gentlyRm C:\Program Files\nodejs\node_modules\bower is being purged
58 verbose gentlyRm don't care about contents; nuking C:\Program Files\nodejs\node_modules\bower
59 silly gunzTarPerm modes [ '777', '666' ]
60 error tar.unpack untar error C:\Users\felipe\AppData\Roaming\npm-cache\bower\1.6.8\package.tgz
61 verbose unlock done using C:\Users\felipe\AppData\Roaming\npm-cache\_locks\bower-c09afa036a5c141c.lock for C:\Program Files\nodejs\node_modules\bower
62 verbose fstream_path C:\Program Files\nodejs\node_modules\bower
63 verbose fstream_type Directory
64 verbose fstream_class DirWriter
65 verbose stack Error: EPERM: operation not permitted, mkdir 'C:\Program Files\nodejs\node_modules\bower'
65 verbose stack     at Error (native)
66 verbose fstream_stack C:\Users\felipe\AppData\Roaming\npm\node_modules\npm\node_modules\fstream\lib\dir-writer.js:36:23
66 verbose fstream_stack C:\Users\felipe\AppData\Roaming\npm\node_modules\npm\node_modules\mkdirp\index.js:46:53
66 verbose fstream_stack FSReqWrap.oncomplete (fs.js:82:15)
67 verbose cwd C:\Users\felipe\github\Presentations\presentaciones-y-charlas\Congreso_chillan
68 error Windows_NT 6.3.9600
69 error argv "C:\\Program Files\\nodejs\\node.exe" "C:\\Users\\felipe\\AppData\\Roaming\\npm\\node_modules\\npm\\bin\\npm-cli.js" "install" "-g" "bower"
70 error node v4.2.2
71 error npm  v2.9.1
72 error path C:\Program Files\nodejs\node_modules\bower
73 error code EPERM
74 error errno -4048
75 error syscall mkdir
76 error Error: EPERM: operation not permitted, mkdir 'C:\Program Files\nodejs\node_modules\bower'
76 error     at Error (native)
76 error  { [Error: EPERM: operation not permitted, mkdir 'C:\Program Files\nodejs\node_modules\bower']
76 error   errno: -4048,
76 error   code: 'EPERM',
76 error   syscall: 'mkdir',
76 error   path: 'C:\\Program Files\\nodejs\\node_modules\\bower',
76 error   fstream_type: 'Directory',
76 error   fstream_path: 'C:\\Program Files\\nodejs\\node_modules\\bower',
76 error   fstream_class: 'DirWriter',
76 error   fstream_stack:
76 error    [ 'C:\\Users\\felipe\\AppData\\Roaming\\npm\\node_modules\\npm\\node_modules\\fstream\\lib\\dir-writer.js:36:23',
76 error      'C:\\Users\\felipe\\AppData\\Roaming\\npm\\node_modules\\npm\\node_modules\\mkdirp\\index.js:46:53',
76 error      'FSReqWrap.oncomplete (fs.js:82:15)' ] }
77 error Please try running this command again as root/Administrator.
78 verbose exit [ -4048, true ]
79 verbose unbuild node_modules\bower
80 silly gentlyRm C:\Program Files\nodejs\node_modules\bower is being purged from base C:\Program Files\nodejs
81 verbose gentlyRm don't care about contents; nuking C:\Program Files\nodejs\node_modules\bower
